{"/Users/sheenangoh/Projects/redux-course/redux-finish/src/math.js": {"path":"/Users/sheenangoh/Projects/redux-course/redux-finish/src/math.js","statementMap":{"0":{"start":{"line":1,"column":22},"end":{"line":1,"column":50}},"1":{"start":{"line":1,"column":34},"end":{"line":1,"column":50}}},"fnMap":{"0":{"name":"(anonymous_0)","decl":{"start":{"line":1,"column":22},"end":{"line":1,"column":23}},"loc":{"start":{"line":1,"column":34},"end":{"line":1,"column":50}},"line":1}},"branchMap":{},"s":{"0":1,"1":2},"f":{"0":2},"b":{},"_coverageSchema":"1a1c01bbd47fc00a2c39e90264f33305004495a9","hash":"171cf8d14dea1605a27b289c2e64b0c41d42c051"}
,"/Users/sheenangoh/Projects/redux-course/redux-finish/src/store/api.js": {"path":"/Users/sheenangoh/Projects/redux-course/redux-finish/src/store/api.js","statementMap":{"0":{"start":{"line":3,"column":28},"end":{"line":3,"column":57}},"1":{"start":{"line":4,"column":30},"end":{"line":4,"column":61}},"2":{"start":{"line":5,"column":29},"end":{"line":5,"column":59}}},"fnMap":{},"branchMap":{},"s":{"0":1,"1":1,"2":1},"f":{},"b":{},"_coverageSchema":"1a1c01bbd47fc00a2c39e90264f33305004495a9","hash":"417bb684bc53f4ed94b40f0cbb8090e8165ee911"}
,"/Users/sheenangoh/Projects/redux-course/redux-finish/src/store/bugs.js": {"path":"/Users/sheenangoh/Projects/redux-course/redux-finish/src/store/bugs.js","statementMap":{"0":{"start":{"line":6,"column":14},"end":{"line":44,"column":2}},"1":{"start":{"line":15,"column":36},"end":{"line":15,"column":50}},"2":{"start":{"line":16,"column":20},"end":{"line":16,"column":66}},"3":{"start":{"line":16,"column":49},"end":{"line":16,"column":65}},"4":{"start":{"line":17,"column":6},"end":{"line":17,"column":39}},"5":{"start":{"line":23,"column":6},"end":{"line":23,"column":37}},"6":{"start":{"line":28,"column":20},"end":{"line":28,"column":78}},"7":{"start":{"line":28,"column":49},"end":{"line":28,"column":77}},"8":{"start":{"line":29,"column":6},"end":{"line":29,"column":39}},"9":{"start":{"line":33,"column":6},"end":{"line":33,"column":33}},"10":{"start":{"line":34,"column":6},"end":{"line":34,"column":27}},"11":{"start":{"line":35,"column":6},"end":{"line":35,"column":34}},"12":{"start":{"line":38,"column":6},"end":{"line":38,"column":26}},"13":{"start":{"line":41,"column":6},"end":{"line":41,"column":27}},"14":{"start":{"line":46,"column":108},"end":{"line":46,"column":121}},"15":{"start":{"line":50,"column":12},"end":{"line":50,"column":19}},"16":{"start":{"line":52,"column":24},"end":{"line":67,"column":1}},"17":{"start":{"line":52,"column":30},"end":{"line":67,"column":1}},"18":{"start":{"line":53,"column":24},"end":{"line":53,"column":48}},"19":{"start":{"line":55,"column":24},"end":{"line":55,"column":67}},"20":{"start":{"line":57,"column":2},"end":{"line":57,"column":33}},"21":{"start":{"line":57,"column":26},"end":{"line":57,"column":33}},"22":{"start":{"line":59,"column":2},"end":{"line":66,"column":4}},"23":{"start":{"line":73,"column":22},"end":{"line":79,"column":4}},"24":{"start":{"line":74,"column":2},"end":{"line":79,"column":4}},"25":{"start":{"line":81,"column":26},"end":{"line":87,"column":4}},"26":{"start":{"line":82,"column":2},"end":{"line":87,"column":4}},"27":{"start":{"line":89,"column":31},"end":{"line":95,"column":4}},"28":{"start":{"line":90,"column":2},"end":{"line":95,"column":4}},"29":{"start":{"line":102,"column":29},"end":{"line":106,"column":3}},"30":{"start":{"line":103,"column":2},"end":{"line":106,"column":3}},"31":{"start":{"line":104,"column":15},"end":{"line":104,"column":34}},"32":{"start":{"line":105,"column":14},"end":{"line":105,"column":62}},"33":{"start":{"line":105,"column":40},"end":{"line":105,"column":61}},"34":{"start":{"line":108,"column":33},"end":{"line":112,"column":1}},"35":{"start":{"line":109,"column":13},"end":{"line":109,"column":32}},"36":{"start":{"line":110,"column":13},"end":{"line":110,"column":36}},"37":{"start":{"line":111,"column":22},"end":{"line":111,"column":62}},"38":{"start":{"line":111,"column":48},"end":{"line":111,"column":61}}},"fnMap":{"0":{"name":"(anonymous_0)","decl":{"start":{"line":14,"column":23},"end":{"line":14,"column":24}},"loc":{"start":{"line":14,"column":41},"end":{"line":18,"column":5}},"line":14},"1":{"name":"(anonymous_1)","decl":{"start":{"line":16,"column":40},"end":{"line":16,"column":41}},"loc":{"start":{"line":16,"column":49},"end":{"line":16,"column":65}},"line":16},"2":{"name":"(anonymous_2)","decl":{"start":{"line":22,"column":14},"end":{"line":22,"column":15}},"loc":{"start":{"line":22,"column":32},"end":{"line":24,"column":5}},"line":22},"3":{"name":"(anonymous_3)","decl":{"start":{"line":27,"column":17},"end":{"line":27,"column":18}},"loc":{"start":{"line":27,"column":35},"end":{"line":30,"column":5}},"line":27},"4":{"name":"(anonymous_4)","decl":{"start":{"line":28,"column":40},"end":{"line":28,"column":41}},"loc":{"start":{"line":28,"column":49},"end":{"line":28,"column":77}},"line":28},"5":{"name":"(anonymous_5)","decl":{"start":{"line":32,"column":18},"end":{"line":32,"column":19}},"loc":{"start":{"line":32,"column":36},"end":{"line":36,"column":5}},"line":32},"6":{"name":"(anonymous_6)","decl":{"start":{"line":37,"column":19},"end":{"line":37,"column":20}},"loc":{"start":{"line":37,"column":37},"end":{"line":39,"column":5}},"line":37},"7":{"name":"(anonymous_7)","decl":{"start":{"line":40,"column":23},"end":{"line":40,"column":24}},"loc":{"start":{"line":40,"column":41},"end":{"line":42,"column":5}},"line":40},"8":{"name":"(anonymous_8)","decl":{"start":{"line":52,"column":24},"end":{"line":52,"column":25}},"loc":{"start":{"line":52,"column":30},"end":{"line":67,"column":1}},"line":52},"9":{"name":"(anonymous_9)","decl":{"start":{"line":52,"column":30},"end":{"line":52,"column":31}},"loc":{"start":{"line":52,"column":54},"end":{"line":67,"column":1}},"line":52},"10":{"name":"(anonymous_10)","decl":{"start":{"line":73,"column":22},"end":{"line":73,"column":23}},"loc":{"start":{"line":74,"column":2},"end":{"line":79,"column":4}},"line":74},"11":{"name":"(anonymous_11)","decl":{"start":{"line":81,"column":26},"end":{"line":81,"column":27}},"loc":{"start":{"line":82,"column":2},"end":{"line":87,"column":4}},"line":82},"12":{"name":"(anonymous_12)","decl":{"start":{"line":89,"column":31},"end":{"line":89,"column":32}},"loc":{"start":{"line":90,"column":2},"end":{"line":95,"column":4}},"line":90},"13":{"name":"(anonymous_13)","decl":{"start":{"line":102,"column":29},"end":{"line":102,"column":30}},"loc":{"start":{"line":103,"column":2},"end":{"line":106,"column":3}},"line":103},"14":{"name":"(anonymous_14)","decl":{"start":{"line":104,"column":4},"end":{"line":104,"column":5}},"loc":{"start":{"line":104,"column":15},"end":{"line":104,"column":34}},"line":104},"15":{"name":"(anonymous_15)","decl":{"start":{"line":105,"column":4},"end":{"line":105,"column":5}},"loc":{"start":{"line":105,"column":14},"end":{"line":105,"column":62}},"line":105},"16":{"name":"(anonymous_16)","decl":{"start":{"line":105,"column":31},"end":{"line":105,"column":32}},"loc":{"start":{"line":105,"column":40},"end":{"line":105,"column":61}},"line":105},"17":{"name":"(anonymous_17)","decl":{"start":{"line":109,"column":2},"end":{"line":109,"column":3}},"loc":{"start":{"line":109,"column":13},"end":{"line":109,"column":32}},"line":109},"18":{"name":"(anonymous_18)","decl":{"start":{"line":110,"column":2},"end":{"line":110,"column":3}},"loc":{"start":{"line":110,"column":13},"end":{"line":110,"column":36}},"line":110},"19":{"name":"(anonymous_19)","decl":{"start":{"line":111,"column":2},"end":{"line":111,"column":3}},"loc":{"start":{"line":111,"column":22},"end":{"line":111,"column":62}},"line":111},"20":{"name":"(anonymous_20)","decl":{"start":{"line":111,"column":39},"end":{"line":111,"column":40}},"loc":{"start":{"line":111,"column":48},"end":{"line":111,"column":61}},"line":111}},"branchMap":{"0":{"loc":{"start":{"line":57,"column":2},"end":{"line":57,"column":33}},"type":"if","locations":[{"start":{"line":57,"column":2},"end":{"line":57,"column":33}},{"start":{"line":57,"column":2},"end":{"line":57,"column":33}}],"line":57}},"s":{"0":1,"1":0,"2":0,"3":0,"4":0,"5":4,"6":1,"7":1,"8":1,"9":3,"10":3,"11":3,"12":4,"13":1,"14":1,"15":1,"16":1,"17":5,"18":5,"19":5,"20":5,"21":1,"22":4,"23":1,"24":5,"25":1,"26":2,"27":1,"28":0,"29":1,"30":0,"31":0,"32":0,"33":0,"34":1,"35":1,"36":1,"37":1,"38":3},"f":{"0":0,"1":0,"2":4,"3":1,"4":1,"5":3,"6":4,"7":1,"8":5,"9":5,"10":5,"11":2,"12":0,"13":0,"14":0,"15":0,"16":0,"17":1,"18":1,"19":1,"20":3},"b":{"0":[1,4]},"_coverageSchema":"1a1c01bbd47fc00a2c39e90264f33305004495a9","hash":"e91b8cd19e47fe56d87a2cc677c447d11aa537a2"}
,"/Users/sheenangoh/Projects/redux-course/redux-finish/src/store/configureStore.js": {"path":"/Users/sheenangoh/Projects/redux-course/redux-finish/src/store/configureStore.js","statementMap":{"0":{"start":{"line":8,"column":2},"end":{"line":16,"column":5}}},"fnMap":{"0":{"name":"(anonymous_0)","decl":{"start":{"line":7,"column":15},"end":{"line":7,"column":16}},"loc":{"start":{"line":7,"column":27},"end":{"line":17,"column":1}},"line":7}},"branchMap":{},"s":{"0":10},"f":{"0":10},"b":{},"_coverageSchema":"1a1c01bbd47fc00a2c39e90264f33305004495a9","hash":"2cca775593075d9be1d330a2f927266bf0e88610"}
,"/Users/sheenangoh/Projects/redux-course/redux-finish/src/store/entities.js": {"path":"/Users/sheenangoh/Projects/redux-course/redux-finish/src/store/entities.js","statementMap":{},"fnMap":{},"branchMap":{},"s":{},"f":{},"b":{},"_coverageSchema":"1a1c01bbd47fc00a2c39e90264f33305004495a9","hash":"93c319f55306236ce03d9793b0caf9070efed8f7"}
,"/Users/sheenangoh/Projects/redux-course/redux-finish/src/store/projects.js": {"path":"/Users/sheenangoh/Projects/redux-course/redux-finish/src/store/projects.js","statementMap":{"0":{"start":{"line":3,"column":13},"end":{"line":3,"column":14}},"1":{"start":{"line":5,"column":14},"end":{"line":17,"column":2}},"2":{"start":{"line":11,"column":6},"end":{"line":14,"column":9}},"3":{"start":{"line":19,"column":32},"end":{"line":19,"column":45}}},"fnMap":{"0":{"name":"(anonymous_0)","decl":{"start":{"line":10,"column":18},"end":{"line":10,"column":19}},"loc":{"start":{"line":10,"column":40},"end":{"line":15,"column":5}},"line":10}},"branchMap":{},"s":{"0":1,"1":1,"2":0,"3":1},"f":{"0":0},"b":{},"_coverageSchema":"1a1c01bbd47fc00a2c39e90264f33305004495a9","hash":"228106100c4b885cb750fcb8e250596770b7b325"}
,"/Users/sheenangoh/Projects/redux-course/redux-finish/src/store/reducer.js": {"path":"/Users/sheenangoh/Projects/redux-course/redux-finish/src/store/reducer.js","statementMap":{},"fnMap":{},"branchMap":{},"s":{},"f":{},"b":{},"_coverageSchema":"1a1c01bbd47fc00a2c39e90264f33305004495a9","hash":"fa3d310d6cd7813d39b11cc459149b9c3c6b6daa"}
,"/Users/sheenangoh/Projects/redux-course/redux-finish/src/store/users.js": {"path":"/Users/sheenangoh/Projects/redux-course/redux-finish/src/store/users.js","statementMap":{"0":{"start":{"line":3,"column":13},"end":{"line":3,"column":14}},"1":{"start":{"line":5,"column":14},"end":{"line":17,"column":2}},"2":{"start":{"line":11,"column":6},"end":{"line":14,"column":9}},"3":{"start":{"line":19,"column":29},"end":{"line":19,"column":42}}},"fnMap":{"0":{"name":"(anonymous_0)","decl":{"start":{"line":10,"column":15},"end":{"line":10,"column":16}},"loc":{"start":{"line":10,"column":34},"end":{"line":15,"column":5}},"line":10}},"branchMap":{},"s":{"0":1,"1":1,"2":0,"3":1},"f":{"0":0},"b":{},"_coverageSchema":"1a1c01bbd47fc00a2c39e90264f33305004495a9","hash":"806143994d7c347391ee98b835d36a7e1752a8aa"}
,"/Users/sheenangoh/Projects/redux-course/redux-finish/src/store/middleware/api.js": {"path":"/Users/sheenangoh/Projects/redux-course/redux-finish/src/store/middleware/api.js","statementMap":{"0":{"start":{"line":4,"column":12},"end":{"line":29,"column":1}},"1":{"start":{"line":4,"column":30},"end":{"line":29,"column":1}},"2":{"start":{"line":4,"column":40},"end":{"line":29,"column":1}},"3":{"start":{"line":5,"column":2},"end":{"line":5,"column":69}},"4":{"start":{"line":5,"column":49},"end":{"line":5,"column":69}},"5":{"start":{"line":6,"column":61},"end":{"line":6,"column":75}},"6":{"start":{"line":8,"column":2},"end":{"line":8,"column":43}},"7":{"start":{"line":8,"column":15},"end":{"line":8,"column":43}},"8":{"start":{"line":10,"column":2},"end":{"line":10,"column":15}},"9":{"start":{"line":12,"column":2},"end":{"line":28,"column":3}},"10":{"start":{"line":13,"column":21},"end":{"line":18,"column":6}},"11":{"start":{"line":20,"column":4},"end":{"line":20,"column":52}},"12":{"start":{"line":22,"column":4},"end":{"line":22,"column":73}},"13":{"start":{"line":22,"column":19},"end":{"line":22,"column":73}},"14":{"start":{"line":25,"column":4},"end":{"line":25,"column":51}},"15":{"start":{"line":27,"column":4},"end":{"line":27,"column":69}},"16":{"start":{"line":27,"column":17},"end":{"line":27,"column":69}}},"fnMap":{"0":{"name":"(anonymous_0)","decl":{"start":{"line":4,"column":12},"end":{"line":4,"column":13}},"loc":{"start":{"line":4,"column":30},"end":{"line":29,"column":1}},"line":4},"1":{"name":"(anonymous_1)","decl":{"start":{"line":4,"column":30},"end":{"line":4,"column":31}},"loc":{"start":{"line":4,"column":40},"end":{"line":29,"column":1}},"line":4},"2":{"name":"(anonymous_2)","decl":{"start":{"line":4,"column":40},"end":{"line":4,"column":41}},"loc":{"start":{"line":4,"column":58},"end":{"line":29,"column":1}},"line":4}},"branchMap":{"0":{"loc":{"start":{"line":5,"column":2},"end":{"line":5,"column":69}},"type":"if","locations":[{"start":{"line":5,"column":2},"end":{"line":5,"column":69}},{"start":{"line":5,"column":2},"end":{"line":5,"column":69}}],"line":5},"1":{"loc":{"start":{"line":8,"column":2},"end":{"line":8,"column":43}},"type":"if","locations":[{"start":{"line":8,"column":2},"end":{"line":8,"column":43}},{"start":{"line":8,"column":2},"end":{"line":8,"column":43}}],"line":8},"2":{"loc":{"start":{"line":22,"column":4},"end":{"line":22,"column":73}},"type":"if","locations":[{"start":{"line":22,"column":4},"end":{"line":22,"column":73}},{"start":{"line":22,"column":4},"end":{"line":22,"column":73}}],"line":22},"3":{"loc":{"start":{"line":27,"column":4},"end":{"line":27,"column":69}},"type":"if","locations":[{"start":{"line":27,"column":4},"end":{"line":27,"column":69}},{"start":{"line":27,"column":4},"end":{"line":27,"column":69}}],"line":27}},"s":{"0":1,"1":10,"2":10,"3":35,"4":24,"5":11,"6":11,"7":4,"8":11,"9":11,"10":11,"11":8,"12":8,"13":8,"14":3,"15":3,"16":1},"f":{"0":10,"1":10,"2":35},"b":{"0":[24,11],"1":[4,7],"2":[8,0],"3":[1,2]},"_coverageSchema":"1a1c01bbd47fc00a2c39e90264f33305004495a9","hash":"7fa480f16e4e372c7d5325ff20be335d98ef42f2"}
,"/Users/sheenangoh/Projects/redux-course/redux-finish/src/store/middleware/logger.js": {"path":"/Users/sheenangoh/Projects/redux-course/redux-finish/src/store/middleware/logger.js","statementMap":{"0":{"start":{"line":2,"column":15},"end":{"line":6,"column":1}},"1":{"start":{"line":2,"column":24},"end":{"line":6,"column":1}},"2":{"start":{"line":2,"column":33},"end":{"line":6,"column":1}},"3":{"start":{"line":2,"column":41},"end":{"line":6,"column":1}},"4":{"start":{"line":3,"column":2},"end":{"line":3,"column":32}},"5":{"start":{"line":4,"column":2},"end":{"line":4,"column":22}}},"fnMap":{"0":{"name":"(anonymous_0)","decl":{"start":{"line":2,"column":15},"end":{"line":2,"column":16}},"loc":{"start":{"line":2,"column":24},"end":{"line":6,"column":1}},"line":2},"1":{"name":"(anonymous_1)","decl":{"start":{"line":2,"column":24},"end":{"line":2,"column":25}},"loc":{"start":{"line":2,"column":33},"end":{"line":6,"column":1}},"line":2},"2":{"name":"(anonymous_2)","decl":{"start":{"line":2,"column":33},"end":{"line":2,"column":34}},"loc":{"start":{"line":2,"column":41},"end":{"line":6,"column":1}},"line":2},"3":{"name":"(anonymous_3)","decl":{"start":{"line":2,"column":41},"end":{"line":2,"column":42}},"loc":{"start":{"line":2,"column":51},"end":{"line":6,"column":1}},"line":2}},"branchMap":{},"s":{"0":1,"1":0,"2":0,"3":0,"4":0,"5":0},"f":{"0":0,"1":0,"2":0,"3":0},"b":{},"_coverageSchema":"1a1c01bbd47fc00a2c39e90264f33305004495a9","hash":"31273906741046a4ca43f82bd6cb0f19de88d0eb"}
,"/Users/sheenangoh/Projects/redux-course/redux-finish/src/store/middleware/toast.js": {"path":"/Users/sheenangoh/Projects/redux-course/redux-finish/src/store/middleware/toast.js","statementMap":{"0":{"start":{"line":1,"column":14},"end":{"line":4,"column":1}},"1":{"start":{"line":1,"column":25},"end":{"line":4,"column":1}},"2":{"start":{"line":1,"column":35},"end":{"line":4,"column":1}},"3":{"start":{"line":2,"column":2},"end":{"line":3,"column":27}},"4":{"start":{"line":2,"column":31},"end":{"line":2,"column":79}},"5":{"start":{"line":3,"column":7},"end":{"line":3,"column":27}}},"fnMap":{"0":{"name":"(anonymous_0)","decl":{"start":{"line":1,"column":14},"end":{"line":1,"column":15}},"loc":{"start":{"line":1,"column":25},"end":{"line":4,"column":1}},"line":1},"1":{"name":"(anonymous_1)","decl":{"start":{"line":1,"column":25},"end":{"line":1,"column":26}},"loc":{"start":{"line":1,"column":35},"end":{"line":4,"column":1}},"line":1},"2":{"name":"(anonymous_2)","decl":{"start":{"line":1,"column":35},"end":{"line":1,"column":36}},"loc":{"start":{"line":1,"column":47},"end":{"line":4,"column":1}},"line":1}},"branchMap":{"0":{"loc":{"start":{"line":2,"column":2},"end":{"line":3,"column":27}},"type":"if","locations":[{"start":{"line":2,"column":2},"end":{"line":3,"column":27}},{"start":{"line":2,"column":2},"end":{"line":3,"column":27}}],"line":2}},"s":{"0":1,"1":10,"2":10,"3":35,"4":0,"5":35},"f":{"0":10,"1":10,"2":35},"b":{"0":[0,35]},"_coverageSchema":"1a1c01bbd47fc00a2c39e90264f33305004495a9","hash":"c95e52ee2aa9ee7e6480d5b63ee5dcb8da5c06ad"}
}
